---------------------------------------------------------------
[ 2018-12-15T16:19:52+08:00 ] 127.0.0.1 GET /
[ info ] 127.0.0.3/ [运行时间：1.257461s][吞吐率：0.80req/s] [内存消耗：2,968.72kb] [文件加载：60]
[ info ] [ LANG ] F:\wwwroot\2018\zhentan\_core\lang\zh-cn.php
[ info ] [ ROUTE ] array (
  'type' => 'module',
  'module' => 
  array (
    0 => '',
    1 => NULL,
    2 => NULL,
  ),
)
[ info ] [ HEADER ] array (
  'host' => '127.0.0.3',
  'connection' => 'keep-alive',
  'upgrade-insecure-requests' => '1',
  'user-agent' => 'Mozilla/5.0 (Windows NT 10.0; Win64; x64) AppleWebKit/537.36 (KHTML, like Gecko) Chrome/70.0.3538.77 Safari/537.36',
  'accept' => 'text/html,application/xhtml+xml,application/xml;q=0.9,image/webp,image/apng,*/*;q=0.8',
  'accept-encoding' => 'gzip, deflate, br',
  'accept-language' => 'zh-CN,zh;q=0.9,en;q=0.8',
  'cookie' => 'UM_distinctid=1677877e66032d-0dff4efca55fd-b79183d-144000-1677877e66197; CNZZDATA1257666429=277826386-1543914380-%7C1544064990; flag=MDAwMDAwMDAwMIKdedWBiKpkhcynpoWnZqg',
)
[ info ] [ PARAM ] array (
)
[ info ] [ CACHE ] INIT File
[ info ] [ RUN ] app\www\controller\Index->index[ F:\wwwroot\2018\zhentan\app\www\controller\Index.php ]
[ info ] [ DB ] INIT mysql
[ info ] [ VIEW ] F:\wwwroot\2018\zhentan/app/www\view\index\index.html [ array (
  0 => 'empty',
  1 => 'banner',
  2 => 'news1',
  3 => 'news2',
  4 => 'news3',
  5 => 'news4',
  6 => 'news5',
  7 => 'news6',
) ]
[ info ] [ LOG ] INIT File
[ sql ] [ DB ] CONNECT:[ UseTime:0.001345s ] mysql:host=127.0.0.1;dbname=zhentan;charset=utf8
[ sql ] [ SQL ] SHOW COLUMNS FROM `pm_ad` [ RunTime:0.069823s ]
[ sql ] [ SQL ] SELECT * FROM `pm_ad` ORDER BY `sort` ASC,`id` DESC [ RunTime:0.001991s ]
[ sql ] [ SQL ] SHOW COLUMNS FROM `pm_article` [ RunTime:0.043968s ]
[ sql ] [ SQL ] SELECT `id`,`title`,`picname` FROM `pm_article` WHERE  `cid` = 1 ORDER BY `id` DESC [ RunTime:0.001718s ]
[ sql ] [ SQL ] SELECT `id`,`title`,`picname` FROM `pm_article` WHERE  `cid` = 2 ORDER BY `id` DESC [ RunTime:0.001361s ]
[ sql ] [ SQL ] SELECT `id`,`title`,`picname` FROM `pm_article` WHERE  `cid` = 3 ORDER BY `id` DESC LIMIT 12 [ RunTime:0.001049s ]
[ sql ] [ SQL ] SELECT `id`,`title`,`picname` FROM `pm_article` WHERE  `cid` = 4 ORDER BY `id` DESC LIMIT 10 [ RunTime:0.000914s ]
[ sql ] [ SQL ] SELECT `id`,`title`,`picname` FROM `pm_article` WHERE  `cid` = 5 ORDER BY `id` DESC LIMIT 10 [ RunTime:0.000972s ]
[ sql ] [ SQL ] SELECT `id`,`title`,`picname` FROM `pm_article` WHERE  `cid` = 6 ORDER BY `id` DESC LIMIT 10 [ RunTime:0.000988s ]
---------------------------------------------------------------
[ 2018-12-15T16:19:52+08:00 ] 127.0.0.1 GET /favicon.ico
[ info ] 127.0.0.3/favicon.ico [运行时间：0.148110s][吞吐率：6.75req/s] [内存消耗：1,427.62kb] [文件加载：38]
[ info ] [ LANG ] F:\wwwroot\2018\zhentan\_core\lang\zh-cn.php
[ info ] [ ROUTE ] array (
  'type' => 'module',
  'module' => 
  array (
    0 => 'favicon.ico',
    1 => NULL,
    2 => NULL,
  ),
)
[ info ] [ HEADER ] array (
  'host' => '127.0.0.3',
  'connection' => 'keep-alive',
  'user-agent' => 'Mozilla/5.0 (Windows NT 10.0; Win64; x64) AppleWebKit/537.36 (KHTML, like Gecko) Chrome/70.0.3538.77 Safari/537.36',
  'accept' => 'image/webp,image/apng,image/*,*/*;q=0.8',
  'referer' => 'http://127.0.0.3/',
  'accept-encoding' => 'gzip, deflate, br',
  'accept-language' => 'zh-CN,zh;q=0.9,en;q=0.8',
  'cookie' => 'UM_distinctid=1677877e66032d-0dff4efca55fd-b79183d-144000-1677877e66197; CNZZDATA1257666429=277826386-1543914380-%7C1544064990; flag=MDAwMDAwMDAwMIKdedWBiKpkhcynpoWnZqg',
)
[ info ] [ PARAM ] array (
)
[ info ] [ LOG ] INIT File
